2025-11-07 10:04:20,276 - CustomerFeedbackAnalyzer - INFO - ModelLoader initialized
2025-11-07 10:04:20,276 - CustomerFeedbackAnalyzer - INFO - ModelTester initialized
2025-11-07 10:04:20,276 - CustomerFeedbackAnalyzer - INFO - Starting model testing...
2025-11-07 10:04:22,778 - CustomerFeedbackAnalyzer - INFO - Model unzipped successfully to model/extracted
2025-11-07 10:05:03,705 - CustomerFeedbackAnalyzer - INFO - Model and components loaded successfully
2025-11-07 10:05:03,852 - CustomerFeedbackAnalyzer - INFO - Prediction made for text: Your app is constantly crashing when I try to proc...
2025-11-07 10:05:03,912 - CustomerFeedbackAnalyzer - INFO - Prediction made for text: I love the new dashboard feature! It's made my wor...
2025-11-07 10:05:03,974 - CustomerFeedbackAnalyzer - INFO - Prediction made for text: How do I export my data to Excel? I can't find the...
2025-11-07 10:05:04,036 - CustomerFeedbackAnalyzer - INFO - Prediction made for text: The billing system charged me twice this month. Th...
2025-11-07 10:05:04,101 - CustomerFeedbackAnalyzer - INFO - Prediction made for text: Can you add dark mode to the mobile app? That woul...
2025-11-07 10:05:04,163 - CustomerFeedbackAnalyzer - INFO - Prediction made for text: Your customer service was terrible! I waited for h...
2025-11-07 10:05:04,163 - CustomerFeedbackAnalyzer - INFO - Model testing completed. 6/6 tests passed
2025-11-07 10:33:40,527 - CustomerFeedbackAnalyzer - INFO - Starting up Customer Feedback Analyzer...
2025-11-07 10:33:40,528 - CustomerFeedbackAnalyzer - INFO - ModelLoader initialized
2025-11-07 10:33:43,539 - CustomerFeedbackAnalyzer - INFO - Model and components loaded successfully
2025-11-07 10:33:43,540 - CustomerFeedbackAnalyzer - INFO - Application startup completed successfully
2025-11-07 10:34:40,296 - CustomerFeedbackAnalyzer - INFO - Received analysis request for text: The billing system charged me twice this month. Th...
2025-11-07 10:34:40,585 - CustomerFeedbackAnalyzer - INFO - Prediction made for text: The billing system charged me twice this month. Th...
2025-11-07 10:34:40,585 - CustomerFeedbackAnalyzer - INFO - Analysis completed successfully for: The billing system charged me twice this month. Th...
2025-11-07 10:38:30,313 - CustomerFeedbackAnalyzer - INFO - Received analysis request for text: Your customer service was terrible! I waited for h...
2025-11-07 10:38:30,871 - CustomerFeedbackAnalyzer - INFO - Prediction made for text: Your customer service was terrible! I waited for h...
2025-11-07 10:38:30,871 - CustomerFeedbackAnalyzer - INFO - Analysis completed successfully for: Your customer service was terrible! I waited for h...
2025-11-07 10:39:47,447 - CustomerFeedbackAnalyzer - INFO - Received analysis request for text: Your customer service was terrible! I waited for h...
2025-11-07 10:39:47,708 - CustomerFeedbackAnalyzer - INFO - Prediction made for text: Your customer service was terrible! I waited for h...
2025-11-07 10:39:47,709 - CustomerFeedbackAnalyzer - INFO - Analysis completed successfully for: Your customer service was terrible! I waited for h...
2025-11-07 10:40:37,800 - CustomerFeedbackAnalyzer - INFO - Received analysis request for text: Your customer service was terrible! I waited for h...
2025-11-07 10:40:37,925 - CustomerFeedbackAnalyzer - INFO - Prediction made for text: Your customer service was terrible! I waited for h...
2025-11-07 10:40:37,925 - CustomerFeedbackAnalyzer - INFO - Analysis completed successfully for: Your customer service was terrible! I waited for h...
2025-11-07 10:52:44,498 - CustomerFeedbackAnalyzer - INFO - Starting up Customer Feedback Analyzer...
2025-11-07 10:52:44,498 - CustomerFeedbackAnalyzer - INFO - ModelLoader initialized
2025-11-07 10:52:46,811 - CustomerFeedbackAnalyzer - INFO - Model and components loaded successfully
2025-11-07 10:52:46,814 - CustomerFeedbackAnalyzer - INFO - Application startup completed successfully
2025-11-07 10:53:33,452 - CustomerFeedbackAnalyzer - INFO - Received analysis request for text: The billing system charged me twice this month. Th...
2025-11-07 10:53:33,823 - CustomerFeedbackAnalyzer - INFO - Prediction made for text: The billing system charged me twice this month. Th...
2025-11-07 10:53:33,823 - CustomerFeedbackAnalyzer - INFO - Analysis completed successfully for: The billing system charged me twice this month. Th...
2025-11-07 10:55:13,443 - CustomerFeedbackAnalyzer - INFO - Received analysis request for text: I love the new dashboard feature! It's made my wor...
2025-11-07 10:55:13,799 - CustomerFeedbackAnalyzer - INFO - Prediction made for text: I love the new dashboard feature! It's made my wor...
2025-11-07 10:55:13,799 - CustomerFeedbackAnalyzer - INFO - Analysis completed successfully for: I love the new dashboard feature! It's made my wor...
2025-11-07 10:56:27,797 - CustomerFeedbackAnalyzer - INFO - Received analysis request for text: Your customer service was terrible! I waited for h...
2025-11-07 10:56:27,973 - CustomerFeedbackAnalyzer - INFO - Prediction made for text: Your customer service was terrible! I waited for h...
2025-11-07 10:56:27,973 - CustomerFeedbackAnalyzer - INFO - Analysis completed successfully for: Your customer service was terrible! I waited for h...
2025-11-07 11:33:45,861 - CustomerFeedbackAnalyzer - INFO - Starting up Customer Feedback Analyzer...
2025-11-07 11:33:45,862 - CustomerFeedbackAnalyzer - INFO - ModelLoader initialized
2025-11-07 11:33:48,877 - CustomerFeedbackAnalyzer - INFO - Model and components loaded successfully
2025-11-07 11:33:48,878 - CustomerFeedbackAnalyzer - INFO - Application startup completed successfully
2025-11-07 11:35:13,488 - CustomerFeedbackAnalyzer - INFO - Received analysis request for text: Your customer service was terrible! I waited for h...
2025-11-07 11:35:13,799 - CustomerFeedbackAnalyzer - INFO - Prediction made for text: Your customer service was terrible! I waited for h...
2025-11-07 11:35:13,800 - CustomerFeedbackAnalyzer - INFO - Analysis completed successfully for: Your customer service was terrible! I waited for h...
2025-11-07 11:36:04,029 - CustomerFeedbackAnalyzer - INFO - Starting up Customer Feedback Analyzer...
2025-11-07 11:36:04,029 - CustomerFeedbackAnalyzer - INFO - ModelLoader initialized
2025-11-07 11:36:06,678 - CustomerFeedbackAnalyzer - INFO - Model and components loaded successfully
2025-11-07 11:36:06,679 - CustomerFeedbackAnalyzer - INFO - Application startup completed successfully
